2024-04-29T14:45:59.325+03:00  INFO 65752 --- [Test worker] c.f.s.i.d.repository.UserRepositoryTest  : Starting UserRepositoryTest using Java 19.0.2 with PID 65752 (started by mi200 in D:\java файлы\PROJECTS\DmdevSpring)
2024-04-29T14:45:59.334+03:00  INFO 65752 --- [Test worker] c.f.s.i.d.repository.UserRepositoryTest  : The following 1 profile is active: "test"
2024-04-29T14:45:59.850+03:00  INFO 65752 --- [Test worker] .s.d.r.c.RepositoryConfigurationDelegate : Bootstrapping Spring Data JPA repositories in DEFAULT mode.
2024-04-29T14:45:59.923+03:00  INFO 65752 --- [Test worker] .s.d.r.c.RepositoryConfigurationDelegate : Finished Spring Data repository scanning in 65 ms. Found 2 JPA repository interfaces.
2024-04-29T14:46:00.379+03:00  INFO 65752 --- [Test worker] com.zaxxer.hikari.HikariDataSource       : HikariPool-1 - Starting...
2024-04-29T14:46:00.551+03:00  INFO 65752 --- [Test worker] com.zaxxer.hikari.pool.HikariPool        : HikariPool-1 - Added connection org.postgresql.jdbc.PgConnection@2a50b32d
2024-04-29T14:46:00.552+03:00  INFO 65752 --- [Test worker] com.zaxxer.hikari.HikariDataSource       : HikariPool-1 - Start completed.
2024-04-29T14:46:00.594+03:00  INFO 65752 --- [Test worker] o.hibernate.jpa.internal.util.LogHelper  : HHH000204: Processing PersistenceUnitInfo [name: default]
2024-04-29T14:46:00.653+03:00  INFO 65752 --- [Test worker] org.hibernate.Version                    : HHH000412: Hibernate ORM core version 6.4.4.Final
2024-04-29T14:46:00.697+03:00  INFO 65752 --- [Test worker] o.h.c.internal.RegionFactoryInitiator    : HHH000026: Second-level cache disabled
2024-04-29T14:46:00.962+03:00  INFO 65752 --- [Test worker] o.s.o.j.p.SpringPersistenceUnitInfo      : No LoadTimeWeaver setup: ignoring JPA class transformer
2024-04-29T14:46:02.075+03:00  INFO 65752 --- [Test worker] o.h.e.t.j.p.i.JtaPlatformInitiator       : HHH000489: No JTA platform available (set 'hibernate.transaction.jta.platform' to enable JTA platform integration)
2024-04-29T14:46:02.353+03:00  INFO 65752 --- [Test worker] j.LocalContainerEntityManagerFactoryBean : Initialized JPA EntityManagerFactory for persistence unit 'default'
2024-04-29T14:46:02.362+03:00  INFO 65752 --- [Test worker] c.f.spring.database.pool.ConnectionPool  : Init connection pool
2024-04-29T14:46:02.866+03:00  INFO 65752 --- [Test worker] c.f.spring.config.JpaConfiguration       : Jpa configuration is enabled
2024-04-29T14:46:03.349+03:00  INFO 65752 --- [Test worker] o.s.d.j.r.query.QueryEnhancerFactory     : Hibernate is in classpath; If applicable, HQL parser will be used.
2024-04-29T14:46:03.798+03:00  INFO 65752 --- [Test worker] c.f.spring.database.pool.ConnectionPool  : Init connection pool
2024-04-29T14:46:03.800+03:00  INFO 65752 --- [Test worker] c.f.spring.database.pool.ConnectionPool  : Init connection pool
2024-04-29T14:46:03.971+03:00  INFO 65752 --- [Test worker] c.f.s.i.d.repository.UserRepositoryTest  : Started UserRepositoryTest in 4.993 seconds (process running for 6.556)
2024-04-29T14:46:04.143+03:00  INFO 65752 --- [SpringApplicationShutdownHook] c.f.spring.database.pool.ConnectionPool  : clean connection pool
2024-04-29T14:46:04.143+03:00  INFO 65752 --- [SpringApplicationShutdownHook] c.f.spring.database.pool.ConnectionPool  : clean connection pool
2024-04-29T14:46:04.144+03:00  INFO 65752 --- [SpringApplicationShutdownHook] c.f.spring.database.pool.ConnectionPool  : clean connection pool
2024-04-29T14:46:04.144+03:00  INFO 65752 --- [SpringApplicationShutdownHook] j.LocalContainerEntityManagerFactoryBean : Closing JPA EntityManagerFactory for persistence unit 'default'
2024-04-29T14:46:04.147+03:00  INFO 65752 --- [SpringApplicationShutdownHook] com.zaxxer.hikari.HikariDataSource       : HikariPool-1 - Shutdown initiated...
2024-04-29T14:46:04.160+03:00  INFO 65752 --- [SpringApplicationShutdownHook] com.zaxxer.hikari.HikariDataSource       : HikariPool-1 - Shutdown completed.
2024-04-29T14:47:34.427+03:00  INFO 74388 --- [Test worker] c.f.s.i.d.repository.UserRepositoryTest  : Starting UserRepositoryTest using Java 19.0.2 with PID 74388 (started by mi200 in D:\java файлы\PROJECTS\DmdevSpring)
2024-04-29T14:47:34.428+03:00  INFO 74388 --- [Test worker] c.f.s.i.d.repository.UserRepositoryTest  : The following 1 profile is active: "test"
2024-04-29T14:47:34.902+03:00  INFO 74388 --- [Test worker] .s.d.r.c.RepositoryConfigurationDelegate : Bootstrapping Spring Data JPA repositories in DEFAULT mode.
2024-04-29T14:47:34.968+03:00  INFO 74388 --- [Test worker] .s.d.r.c.RepositoryConfigurationDelegate : Finished Spring Data repository scanning in 59 ms. Found 2 JPA repository interfaces.
2024-04-29T14:47:35.439+03:00  INFO 74388 --- [Test worker] com.zaxxer.hikari.HikariDataSource       : HikariPool-1 - Starting...
2024-04-29T14:47:35.675+03:00  INFO 74388 --- [Test worker] com.zaxxer.hikari.pool.HikariPool        : HikariPool-1 - Added connection org.postgresql.jdbc.PgConnection@10a18e3e
2024-04-29T14:47:35.676+03:00  INFO 74388 --- [Test worker] com.zaxxer.hikari.HikariDataSource       : HikariPool-1 - Start completed.
2024-04-29T14:47:35.724+03:00  INFO 74388 --- [Test worker] o.hibernate.jpa.internal.util.LogHelper  : HHH000204: Processing PersistenceUnitInfo [name: default]
2024-04-29T14:47:35.775+03:00  INFO 74388 --- [Test worker] org.hibernate.Version                    : HHH000412: Hibernate ORM core version 6.4.4.Final
2024-04-29T14:47:35.820+03:00  INFO 74388 --- [Test worker] o.h.c.internal.RegionFactoryInitiator    : HHH000026: Second-level cache disabled
2024-04-29T14:47:36.092+03:00  INFO 74388 --- [Test worker] o.s.o.j.p.SpringPersistenceUnitInfo      : No LoadTimeWeaver setup: ignoring JPA class transformer
2024-04-29T14:47:37.186+03:00  INFO 74388 --- [Test worker] o.h.e.t.j.p.i.JtaPlatformInitiator       : HHH000489: No JTA platform available (set 'hibernate.transaction.jta.platform' to enable JTA platform integration)
2024-04-29T14:47:37.460+03:00  INFO 74388 --- [Test worker] j.LocalContainerEntityManagerFactoryBean : Initialized JPA EntityManagerFactory for persistence unit 'default'
2024-04-29T14:47:37.469+03:00  INFO 74388 --- [Test worker] c.f.spring.database.pool.ConnectionPool  : Init connection pool
2024-04-29T14:47:37.950+03:00  INFO 74388 --- [Test worker] c.f.spring.config.JpaConfiguration       : Jpa configuration is enabled
2024-04-29T14:47:38.469+03:00  INFO 74388 --- [Test worker] o.s.d.j.r.query.QueryEnhancerFactory     : Hibernate is in classpath; If applicable, HQL parser will be used.
2024-04-29T14:47:38.924+03:00  INFO 74388 --- [Test worker] c.f.spring.database.pool.ConnectionPool  : Init connection pool
2024-04-29T14:47:38.927+03:00  INFO 74388 --- [Test worker] c.f.spring.database.pool.ConnectionPool  : Init connection pool
2024-04-29T14:47:39.102+03:00  INFO 74388 --- [Test worker] c.f.s.i.d.repository.UserRepositoryTest  : Started UserRepositoryTest in 5.029 seconds (process running for 6.266)
2024-04-29T14:47:39.459+03:00  INFO 74388 --- [SpringApplicationShutdownHook] c.f.spring.database.pool.ConnectionPool  : clean connection pool
2024-04-29T14:47:39.459+03:00  INFO 74388 --- [SpringApplicationShutdownHook] c.f.spring.database.pool.ConnectionPool  : clean connection pool
2024-04-29T14:47:39.459+03:00  INFO 74388 --- [SpringApplicationShutdownHook] c.f.spring.database.pool.ConnectionPool  : clean connection pool
2024-04-29T14:47:39.460+03:00  INFO 74388 --- [SpringApplicationShutdownHook] j.LocalContainerEntityManagerFactoryBean : Closing JPA EntityManagerFactory for persistence unit 'default'
2024-04-29T14:47:39.462+03:00  INFO 74388 --- [SpringApplicationShutdownHook] com.zaxxer.hikari.HikariDataSource       : HikariPool-1 - Shutdown initiated...
2024-04-29T14:47:39.471+03:00  INFO 74388 --- [SpringApplicationShutdownHook] com.zaxxer.hikari.HikariDataSource       : HikariPool-1 - Shutdown completed.
2024-04-29T14:54:35.650+03:00  INFO 72204 --- [Test worker] c.f.s.i.d.repository.UserRepositoryTest  : Starting UserRepositoryTest using Java 19.0.2 with PID 72204 (started by mi200 in D:\java файлы\PROJECTS\DmdevSpring)
2024-04-29T14:54:35.651+03:00  INFO 72204 --- [Test worker] c.f.s.i.d.repository.UserRepositoryTest  : The following 1 profile is active: "test"
2024-04-29T14:54:36.152+03:00  INFO 72204 --- [Test worker] .s.d.r.c.RepositoryConfigurationDelegate : Bootstrapping Spring Data JPA repositories in DEFAULT mode.
2024-04-29T14:54:36.224+03:00  INFO 72204 --- [Test worker] .s.d.r.c.RepositoryConfigurationDelegate : Finished Spring Data repository scanning in 60 ms. Found 2 JPA repository interfaces.
2024-04-29T14:54:36.669+03:00  INFO 72204 --- [Test worker] com.zaxxer.hikari.HikariDataSource       : HikariPool-1 - Starting...
2024-04-29T14:54:36.836+03:00  INFO 72204 --- [Test worker] com.zaxxer.hikari.pool.HikariPool        : HikariPool-1 - Added connection org.postgresql.jdbc.PgConnection@47a7c93e
2024-04-29T14:54:36.838+03:00  INFO 72204 --- [Test worker] com.zaxxer.hikari.HikariDataSource       : HikariPool-1 - Start completed.
2024-04-29T14:54:36.912+03:00  INFO 72204 --- [Test worker] o.hibernate.jpa.internal.util.LogHelper  : HHH000204: Processing PersistenceUnitInfo [name: default]
2024-04-29T14:54:36.968+03:00  INFO 72204 --- [Test worker] org.hibernate.Version                    : HHH000412: Hibernate ORM core version 6.4.4.Final
2024-04-29T14:54:37.004+03:00  INFO 72204 --- [Test worker] o.h.c.internal.RegionFactoryInitiator    : HHH000026: Second-level cache disabled
2024-04-29T14:54:37.297+03:00  INFO 72204 --- [Test worker] o.s.o.j.p.SpringPersistenceUnitInfo      : No LoadTimeWeaver setup: ignoring JPA class transformer
2024-04-29T14:54:38.437+03:00  INFO 72204 --- [Test worker] o.h.e.t.j.p.i.JtaPlatformInitiator       : HHH000489: No JTA platform available (set 'hibernate.transaction.jta.platform' to enable JTA platform integration)
2024-04-29T14:54:38.707+03:00  INFO 72204 --- [Test worker] j.LocalContainerEntityManagerFactoryBean : Initialized JPA EntityManagerFactory for persistence unit 'default'
2024-04-29T14:54:38.722+03:00  INFO 72204 --- [Test worker] c.f.spring.database.pool.ConnectionPool  : Init connection pool
2024-04-29T14:54:39.322+03:00  INFO 72204 --- [Test worker] c.f.spring.config.JpaConfiguration       : Jpa configuration is enabled
2024-04-29T14:54:39.882+03:00  INFO 72204 --- [Test worker] o.s.d.j.r.query.QueryEnhancerFactory     : Hibernate is in classpath; If applicable, HQL parser will be used.
2024-04-29T14:54:40.357+03:00  INFO 72204 --- [Test worker] c.f.spring.database.pool.ConnectionPool  : Init connection pool
2024-04-29T14:54:40.359+03:00  INFO 72204 --- [Test worker] c.f.spring.database.pool.ConnectionPool  : Init connection pool
2024-04-29T14:54:40.559+03:00  INFO 72204 --- [Test worker] c.f.s.i.d.repository.UserRepositoryTest  : Started UserRepositoryTest in 5.235 seconds (process running for 6.509)
2024-04-29T14:54:40.987+03:00  INFO 72204 --- [SpringApplicationShutdownHook] c.f.spring.database.pool.ConnectionPool  : clean connection pool
2024-04-29T14:54:40.988+03:00  INFO 72204 --- [SpringApplicationShutdownHook] c.f.spring.database.pool.ConnectionPool  : clean connection pool
2024-04-29T14:54:40.988+03:00  INFO 72204 --- [SpringApplicationShutdownHook] c.f.spring.database.pool.ConnectionPool  : clean connection pool
2024-04-29T14:54:40.989+03:00  INFO 72204 --- [SpringApplicationShutdownHook] j.LocalContainerEntityManagerFactoryBean : Closing JPA EntityManagerFactory for persistence unit 'default'
2024-04-29T14:54:40.993+03:00  INFO 72204 --- [SpringApplicationShutdownHook] com.zaxxer.hikari.HikariDataSource       : HikariPool-1 - Shutdown initiated...
2024-04-29T14:54:41.002+03:00  INFO 72204 --- [SpringApplicationShutdownHook] com.zaxxer.hikari.HikariDataSource       : HikariPool-1 - Shutdown completed.
2024-04-29T14:57:51.641+03:00  INFO 63720 --- [Test worker] c.f.s.i.d.repository.UserRepositoryTest  : Starting UserRepositoryTest using Java 19.0.2 with PID 63720 (started by mi200 in D:\java файлы\PROJECTS\DmdevSpring)
2024-04-29T14:57:51.643+03:00  INFO 63720 --- [Test worker] c.f.s.i.d.repository.UserRepositoryTest  : The following 1 profile is active: "test"
2024-04-29T14:57:52.128+03:00  INFO 63720 --- [Test worker] .s.d.r.c.RepositoryConfigurationDelegate : Bootstrapping Spring Data JPA repositories in DEFAULT mode.
2024-04-29T14:57:52.205+03:00  INFO 63720 --- [Test worker] .s.d.r.c.RepositoryConfigurationDelegate : Finished Spring Data repository scanning in 64 ms. Found 2 JPA repository interfaces.
2024-04-29T14:57:52.617+03:00  INFO 63720 --- [Test worker] com.zaxxer.hikari.HikariDataSource       : HikariPool-1 - Starting...
2024-04-29T14:57:52.786+03:00  INFO 63720 --- [Test worker] com.zaxxer.hikari.pool.HikariPool        : HikariPool-1 - Added connection org.postgresql.jdbc.PgConnection@47a7c93e
2024-04-29T14:57:52.787+03:00  INFO 63720 --- [Test worker] com.zaxxer.hikari.HikariDataSource       : HikariPool-1 - Start completed.
2024-04-29T14:57:52.839+03:00  INFO 63720 --- [Test worker] o.hibernate.jpa.internal.util.LogHelper  : HHH000204: Processing PersistenceUnitInfo [name: default]
2024-04-29T14:57:52.901+03:00  INFO 63720 --- [Test worker] org.hibernate.Version                    : HHH000412: Hibernate ORM core version 6.4.4.Final
2024-04-29T14:57:52.957+03:00  INFO 63720 --- [Test worker] o.h.c.internal.RegionFactoryInitiator    : HHH000026: Second-level cache disabled
2024-04-29T14:57:53.242+03:00  INFO 63720 --- [Test worker] o.s.o.j.p.SpringPersistenceUnitInfo      : No LoadTimeWeaver setup: ignoring JPA class transformer
2024-04-29T14:57:54.316+03:00  INFO 63720 --- [Test worker] o.h.e.t.j.p.i.JtaPlatformInitiator       : HHH000489: No JTA platform available (set 'hibernate.transaction.jta.platform' to enable JTA platform integration)
2024-04-29T14:57:54.605+03:00  INFO 63720 --- [Test worker] j.LocalContainerEntityManagerFactoryBean : Initialized JPA EntityManagerFactory for persistence unit 'default'
2024-04-29T14:57:54.618+03:00  INFO 63720 --- [Test worker] c.f.spring.database.pool.ConnectionPool  : Init connection pool
2024-04-29T14:57:55.114+03:00  INFO 63720 --- [Test worker] c.f.spring.config.JpaConfiguration       : Jpa configuration is enabled
2024-04-29T14:57:55.589+03:00  INFO 63720 --- [Test worker] o.s.d.j.r.query.QueryEnhancerFactory     : Hibernate is in classpath; If applicable, HQL parser will be used.
2024-04-29T14:57:55.974+03:00  INFO 63720 --- [Test worker] c.f.spring.database.pool.ConnectionPool  : Init connection pool
2024-04-29T14:57:55.976+03:00  INFO 63720 --- [Test worker] c.f.spring.database.pool.ConnectionPool  : Init connection pool
2024-04-29T14:57:56.161+03:00  INFO 63720 --- [Test worker] c.f.s.i.d.repository.UserRepositoryTest  : Started UserRepositoryTest in 4.864 seconds (process running for 6.33)
2024-04-29T14:57:56.439+03:00  INFO 63720 --- [SpringApplicationShutdownHook] c.f.spring.database.pool.ConnectionPool  : clean connection pool
2024-04-29T14:57:56.440+03:00  INFO 63720 --- [SpringApplicationShutdownHook] c.f.spring.database.pool.ConnectionPool  : clean connection pool
2024-04-29T14:57:56.440+03:00  INFO 63720 --- [SpringApplicationShutdownHook] c.f.spring.database.pool.ConnectionPool  : clean connection pool
2024-04-29T14:57:56.440+03:00  INFO 63720 --- [SpringApplicationShutdownHook] j.LocalContainerEntityManagerFactoryBean : Closing JPA EntityManagerFactory for persistence unit 'default'
2024-04-29T14:57:56.442+03:00  INFO 63720 --- [SpringApplicationShutdownHook] com.zaxxer.hikari.HikariDataSource       : HikariPool-1 - Shutdown initiated...
2024-04-29T14:57:56.451+03:00  INFO 63720 --- [SpringApplicationShutdownHook] com.zaxxer.hikari.HikariDataSource       : HikariPool-1 - Shutdown completed.
2024-04-29T14:59:26.019+03:00  INFO 72416 --- [Test worker] c.f.s.i.d.repository.UserRepositoryTest  : Starting UserRepositoryTest using Java 19.0.2 with PID 72416 (started by mi200 in D:\java файлы\PROJECTS\DmdevSpring)
2024-04-29T14:59:26.021+03:00  INFO 72416 --- [Test worker] c.f.s.i.d.repository.UserRepositoryTest  : The following 1 profile is active: "test"
2024-04-29T14:59:26.468+03:00  INFO 72416 --- [Test worker] .s.d.r.c.RepositoryConfigurationDelegate : Bootstrapping Spring Data JPA repositories in DEFAULT mode.
2024-04-29T14:59:26.539+03:00  INFO 72416 --- [Test worker] .s.d.r.c.RepositoryConfigurationDelegate : Finished Spring Data repository scanning in 58 ms. Found 2 JPA repository interfaces.
2024-04-29T14:59:26.942+03:00  INFO 72416 --- [Test worker] com.zaxxer.hikari.HikariDataSource       : HikariPool-1 - Starting...
2024-04-29T14:59:27.105+03:00  INFO 72416 --- [Test worker] com.zaxxer.hikari.pool.HikariPool        : HikariPool-1 - Added connection org.postgresql.jdbc.PgConnection@4f3e9fbb
2024-04-29T14:59:27.107+03:00  INFO 72416 --- [Test worker] com.zaxxer.hikari.HikariDataSource       : HikariPool-1 - Start completed.
2024-04-29T14:59:27.156+03:00  INFO 72416 --- [Test worker] o.hibernate.jpa.internal.util.LogHelper  : HHH000204: Processing PersistenceUnitInfo [name: default]
2024-04-29T14:59:27.206+03:00  INFO 72416 --- [Test worker] org.hibernate.Version                    : HHH000412: Hibernate ORM core version 6.4.4.Final
2024-04-29T14:59:27.246+03:00  INFO 72416 --- [Test worker] o.h.c.internal.RegionFactoryInitiator    : HHH000026: Second-level cache disabled
2024-04-29T14:59:27.513+03:00  INFO 72416 --- [Test worker] o.s.o.j.p.SpringPersistenceUnitInfo      : No LoadTimeWeaver setup: ignoring JPA class transformer
2024-04-29T14:59:28.566+03:00  INFO 72416 --- [Test worker] o.h.e.t.j.p.i.JtaPlatformInitiator       : HHH000489: No JTA platform available (set 'hibernate.transaction.jta.platform' to enable JTA platform integration)
2024-04-29T14:59:28.850+03:00  INFO 72416 --- [Test worker] j.LocalContainerEntityManagerFactoryBean : Initialized JPA EntityManagerFactory for persistence unit 'default'
2024-04-29T14:59:28.861+03:00  INFO 72416 --- [Test worker] c.f.spring.database.pool.ConnectionPool  : Init connection pool
2024-04-29T14:59:29.384+03:00  INFO 72416 --- [Test worker] c.f.spring.config.JpaConfiguration       : Jpa configuration is enabled
2024-04-29T14:59:29.911+03:00  INFO 72416 --- [Test worker] o.s.d.j.r.query.QueryEnhancerFactory     : Hibernate is in classpath; If applicable, HQL parser will be used.
2024-04-29T14:59:30.333+03:00  INFO 72416 --- [Test worker] c.f.spring.database.pool.ConnectionPool  : Init connection pool
2024-04-29T14:59:30.336+03:00  INFO 72416 --- [Test worker] c.f.spring.database.pool.ConnectionPool  : Init connection pool
2024-04-29T14:59:30.528+03:00  INFO 72416 --- [Test worker] c.f.s.i.d.repository.UserRepositoryTest  : Started UserRepositoryTest in 4.836 seconds (process running for 6.129)
2024-04-29T14:59:30.942+03:00  INFO 72416 --- [SpringApplicationShutdownHook] c.f.spring.database.pool.ConnectionPool  : clean connection pool
2024-04-29T14:59:30.942+03:00  INFO 72416 --- [SpringApplicationShutdownHook] c.f.spring.database.pool.ConnectionPool  : clean connection pool
2024-04-29T14:59:30.943+03:00  INFO 72416 --- [SpringApplicationShutdownHook] c.f.spring.database.pool.ConnectionPool  : clean connection pool
2024-04-29T14:59:30.943+03:00  INFO 72416 --- [SpringApplicationShutdownHook] j.LocalContainerEntityManagerFactoryBean : Closing JPA EntityManagerFactory for persistence unit 'default'
2024-04-29T14:59:30.946+03:00  INFO 72416 --- [SpringApplicationShutdownHook] com.zaxxer.hikari.HikariDataSource       : HikariPool-1 - Shutdown initiated...
2024-04-29T14:59:30.954+03:00  INFO 72416 --- [SpringApplicationShutdownHook] com.zaxxer.hikari.HikariDataSource       : HikariPool-1 - Shutdown completed.
